0 info it worked if it ends with ok
1 verbose cli [ 'C:\\Program Files\\nodejs\\node.exe',
1 verbose cli   'C:\\Users\\rdeline\\AppData\\Roaming\\npm\\node_modules\\npm\\bin\\npm-cli.js',
1 verbose cli   'start' ]
2 info using npm@4.0.2
3 info using node@v8.9.0
4 verbose run-script [ 'prestart', 'start', 'poststart' ]
5 info lifecycle calculator@~prestart: calculator@
6 silly lifecycle calculator@~prestart: no script for prestart, continuing
7 info lifecycle calculator@~start: calculator@
8 verbose lifecycle calculator@~start: unsafe-perm in lifecycle true
9 verbose lifecycle calculator@~start: PATH: C:\Users\rdeline\AppData\Roaming\npm\node_modules\npm\bin\node-gyp-bin;C:\calc\node_modules\.bin;C:\Program Files\Common Files\Microsoft Shared\Microsoft Online Services;C:\Program Files (x86)\Common Files\Microsoft Shared\Microsoft Online Services;C:\windows\system32;C:\windows;C:\windows\System32\Wbem;C:\windows\System32\WindowsPowerShell\v1.0\;C:\Users\rdeline\.dnx\bin;C:\Program Files\Microsoft DNX\Dnvm\;C:\Program Files\Microsoft SQL Server\120\Tools\Binn\;C:\Program Files (x86)\Skype\Phone\;C:\tools\python2;C:\ProgramData\chocolatey\bin;C:\Program Files (x86)\Windows Kits\8.1\Windows Performance Toolkit\;C:\Program Files (x86)\CMake\bin;C:\Program Files\Microsoft SQL Server\130\Tools\Binn\;C:\Program Files (x86)\Windows Kits\10\Windows Performance Toolkit\;C:\Program Files\Microsoft Windows Performance Toolkit\;C:\Program Files\Git LFS;C:\WINDOWS\system32;C:\WINDOWS;C:\WINDOWS\System32\Wbem;C:\WINDOWS\System32\WindowsPowerShell\v1.0\;C:\Program Files (x86)\MiKTeX 2.9\miktex\bin\;C:\Program Files\dotnet\;C:\Program Files\doxygen\bin;C:\Program Files\PuTTY\;C:\Program Files\Git\cmd;C:\Program Files\nodejs\;C:\Program Files (x86)\Elm Platform\0.18\bin;c:\swigwin-3.0.12;C:\Users\rdeline\AppData\Local\atom\bin;C:\Users\rdeline\AppData\Local\Microsoft\WindowsApps;C:\Program Files (x86)\Arduino;C:\Users\rdeline\AppData\Local\Continuum\Miniconda3;C:\Users\rdeline\AppData\Local\Continuum\Miniconda3\Scripts;c:\ell\external\OpenBLASLibs.0.2.19.3\build\native\x64\haswell\bin;C:\Program Files\Microsoft VS Code\bin;\curl\I386;\id\ell\build\bin\Release;C:\Users\rdeline\AppData\Roaming\npm;C:\Program Files\Microsoft VS Code Insiders\bin;C:\Users\rdeline\AppData\Local\GitHubDesktop\bin;%USERPROFILE%\AppData\Local\Microsoft\WindowsApps
10 verbose lifecycle calculator@~start: CWD: C:\calc
11 silly lifecycle calculator@~start: Args: [ '/d /s /c', 'react-scripts-ts start' ]
12 silly lifecycle calculator@~start: Returned: code: 3221225786  signal: null
13 info lifecycle calculator@~start: Failed to exec start script
14 verbose stack Error: calculator@ start: `react-scripts-ts start`
14 verbose stack Exit status 3221225786
14 verbose stack     at EventEmitter.<anonymous> (C:\Users\rdeline\AppData\Roaming\npm\node_modules\npm\lib\utils\lifecycle.js:279:16)
14 verbose stack     at emitTwo (events.js:126:13)
14 verbose stack     at EventEmitter.emit (events.js:214:7)
14 verbose stack     at ChildProcess.<anonymous> (C:\Users\rdeline\AppData\Roaming\npm\node_modules\npm\lib\utils\spawn.js:40:14)
14 verbose stack     at emitTwo (events.js:126:13)
14 verbose stack     at ChildProcess.emit (events.js:214:7)
14 verbose stack     at maybeClose (internal/child_process.js:925:16)
14 verbose stack     at Process.ChildProcess._handle.onexit (internal/child_process.js:209:5)
15 verbose pkgid calculator@
16 verbose cwd C:\calc
17 error Windows_NT 10.0.16299
18 error argv "C:\\Program Files\\nodejs\\node.exe" "C:\\Users\\rdeline\\AppData\\Roaming\\npm\\node_modules\\npm\\bin\\npm-cli.js" "start"
19 error node v8.9.0
20 error npm  v4.0.2
21 error code ELIFECYCLE
22 error calculator@ start: `react-scripts-ts start`
22 error Exit status 3221225786
23 error Failed at the calculator@ start script 'react-scripts-ts start'.
23 error Make sure you have the latest version of node.js and npm installed.
23 error If you do, this is most likely a problem with the calculator package,
23 error not with npm itself.
23 error Tell the author that this fails on your system:
23 error     react-scripts-ts start
23 error You can get information on how to open an issue for this project with:
23 error     npm bugs calculator
23 error Or if that isn't available, you can get their info via:
23 error     npm owner ls calculator
23 error There is likely additional logging output above.
24 verbose exit [ 1, true ]
